
Running 21 tests using 4 workers

  ✓   3 [chromium] › e2e/dark-mode.spec.js:45:3 › Dark Mode › should apply dark mode styles (752ms)
  ✓   4 [chromium] › e2e/dark-mode.spec.js:8:3 › Dark Mode › should toggle dark mode (950ms)
  ✓   2 [chromium] › e2e/example.spec.js:3:1 › homepage loads (993ms)

  ✓   5 [chromium] › e2e/repository-list.spec.js:13:3 › Repository List › should display repository list page (214ms)
  ✓   6 [chromium] › e2e/repository-list.spec.js:24:3 › Repository List › should display repository cards (229ms)
  ✓   7 [chromium] › e2e/repository-list.spec.js:29:3 › Repository List › should navigate to repository details (422ms)

  ✓   8 [chromium] › e2e/repository-list.spec.js:37:3 › Repository List › should display no results message when search returns empty (711ms)
  ✓   9 [chromium] › e2e/search.spec.js:15:3 › Repository Search › should filter repositories by search query (1.2s)
  ✓  10 [chromium] › e2e/search.spec.js:29:3 › Repository Search › should debounce search input (1.4s)

  ✓  12 [chromium] › e2e/tag-details.spec.js:11:3 › Tag Details › should display repository details page (724ms)
  ✘  11 [chromium] › e2e/search.spec.js:44:3 › Repository Search › should sort repositories (684ms)
  ✘  14 [chromium] › e2e/tag-details.spec.js:23:3 › Tag Details › should display tag rows (756ms)
  ✘  15 [chromium] › e2e/tag-details.spec.js:29:3 › Tag Details › should display copy button for each tag (882ms)
/home/tonny/.rbenv/versions/3.4.8/lib/ruby/gems/3.4.0/gems/activerecord-8.1.3/lib/active_record/validations.rb:87:in 'ActiveRecord::Validations#raise_validation_error': Validation failed: Owner identity must exist (ActiveRecord::RecordInvalid)
	from /home/tonny/.rbenv/versions/3.4.8/lib/ruby/gems/3.4.0/gems/activerecord-8.1.3/lib/active_record/validations.rb:54:in 'ActiveRecord::Validations#save!'
	from /home/tonny/.rbenv/versions/3.4.8/lib/ruby/gems/3.4.0/gems/activerecord-8.1.3/lib/active_record/transactions.rb:385:in 'block in ActiveRecord::Transactions#save!'
	from /home/tonny/.rbenv/versions/3.4.8/lib/ruby/gems/3.4.0/gems/activerecord-8.1.3/lib/active_record/transactions.rb:438:in 'block (3 levels) in ActiveRecord::Transactions#with_transaction_returning_status'
	from /home/tonny/.rbenv/versions/3.4.8/lib/ruby/gems/3.4.0/gems/activerecord-8.1.3/lib/active_record/connection_adapters/abstract/database_statements.rb:376:in 'ActiveRecord::ConnectionAdapters::DatabaseStatements#transaction'
	from /home/tonny/.rbenv/versions/3.4.8/lib/ruby/gems/3.4.0/gems/activerecord-8.1.3/lib/active_record/transactions.rb:434:in 'block (2 levels) in ActiveRecord::Transactions#with_transaction_returning_status'
	from /home/tonny/.rbenv/versions/3.4.8/lib/ruby/gems/3.4.0/gems/activerecord-8.1.3/lib/active_record/connection_adapters/abstract/connection_pool.rb:485:in 'ActiveRecord::ConnectionAdapters::ConnectionPool#with_pool_transaction_isolation_level'
	from /home/tonny/.rbenv/versions/3.4.8/lib/ruby/gems/3.4.0/gems/activerecord-8.1.3/lib/active_record/transactions.rb:430:in 'block in ActiveRecord::Transactions#with_transaction_returning_status'
	from /home/tonny/.rbenv/versions/3.4.8/lib/ruby/gems/3.4.0/gems/activerecord-8.1.3/lib/active_record/connection_adapters/abstract/connection_pool.rb:457:in 'ActiveRecord::ConnectionAdapters::ConnectionPool#with_connection'
	from /home/tonny/.rbenv/versions/3.4.8/lib/ruby/gems/3.4.0/gems/activerecord-8.1.3/lib/active_record/connection_handling.rb:313:in 'ActiveRecord::ConnectionHandling#with_connection'
	from /home/tonny/.rbenv/versions/3.4.8/lib/ruby/gems/3.4.0/gems/activerecord-8.1.3/lib/active_record/transactions.rb:429:in 'ActiveRecord::Transactions#with_transaction_returning_status'
	from /home/tonny/.rbenv/versions/3.4.8/lib/ruby/gems/3.4.0/gems/activerecord-8.1.3/lib/active_record/transactions.rb:385:in 'ActiveRecord::Transactions#save!'
	from /home/tonny/.rbenv/versions/3.4.8/lib/ruby/gems/3.4.0/gems/activerecord-8.1.3/lib/active_record/suppressor.rb:56:in 'ActiveRecord::Suppressor#save!'
	from /home/tonny/.rbenv/versions/3.4.8/lib/ruby/gems/3.4.0/gems/activerecord-8.1.3/lib/active_record/persistence.rb:55:in 'ActiveRecord::Persistence::ClassMethods#create!'
	from /home/tonny/.rbenv/versions/3.4.8/lib/ruby/gems/3.4.0/gems/activerecord-8.1.3/lib/active_record/relation.rb:1382:in 'ActiveRecord::Relation#_create!'
	from /home/tonny/.rbenv/versions/3.4.8/lib/ruby/gems/3.4.0/gems/activerecord-8.1.3/lib/active_record/relation.rb:174:in 'block in ActiveRecord::Relation#create!'
	from /home/tonny/.rbenv/versions/3.4.8/lib/ruby/gems/3.4.0/gems/activerecord-8.1.3/lib/active_record/relation.rb:1393:in 'ActiveRecord::Relation#_scoping'
	from /home/tonny/.rbenv/versions/3.4.8/lib/ruby/gems/3.4.0/gems/activerecord-8.1.3/lib/active_record/relation.rb:558:in 'ActiveRecord::Relation#scoping'
	from /home/tonny/.rbenv/versions/3.4.8/lib/ruby/gems/3.4.0/gems/activerecord-8.1.3/lib/active_record/relation.rb:174:in 'ActiveRecord::Relation#create!'
	from /home/tonny/.rbenv/versions/3.4.8/lib/ruby/gems/3.4.0/gems/activerecord-8.1.3/lib/active_record/relation.rb:297:in 'block (2 levels) in ActiveRecord::Relation#create_or_find_by!'
	from /home/tonny/.rbenv/versions/3.4.8/lib/ruby/gems/3.4.0/gems/activerecord-8.1.3/lib/active_record/connection_adapters/abstract/transaction.rb:648:in 'block in ActiveRecord::ConnectionAdapters::TransactionManager#within_new_transaction'
	from /home/tonny/.rbenv/versions/3.4.8/lib/ruby/gems/3.4.0/gems/activesupport-8.1.3/lib/active_support/concurrency/null_lock.rb:9:in 'ActiveSupport::Concurrency::NullLock#synchronize'
	from /home/tonny/.rbenv/versions/3.4.8/lib/ruby/gems/3.4.0/gems/activerecord-8.1.3/lib/active_record/connection_adapters/abstract/transaction.rb:645:in 'ActiveRecord::ConnectionAdapters::TransactionManager#within_new_transaction'
	from /home/tonny/.rbenv/versions/3.4.8/lib/ruby/gems/3.4.0/gems/activerecord-8.1.3/lib/active_record/connection_adapters/abstract/database_statements.rb:386:in 'ActiveRecord::ConnectionAdapters::DatabaseStatements#within_new_transaction'
	from /home/tonny/.rbenv/versions/3.4.8/lib/ruby/gems/3.4.0/gems/activerecord-8.1.3/lib/active_record/connection_adapters/abstract/database_statements.rb:378:in 'ActiveRecord::ConnectionAdapters::DatabaseStatements#transaction'
	from /home/tonny/.rbenv/versions/3.4.8/lib/ruby/gems/3.4.0/gems/activerecord-8.1.3/lib/active_record/transactions.rb:234:in 'block (2 levels) in ActiveRecord::Transactions::ClassMethods#transaction'
	from /home/tonny/.rbenv/versions/3.4.8/lib/ruby/gems/3.4.0/gems/activerecord-8.1.3/lib/active_record/connection_adapters/abstract/connection_pool.rb:485:in 'ActiveRecord::ConnectionAdapters::ConnectionPool#with_pool_transaction_isolation_level'
	from /home/tonny/.rbenv/versions/3.4.8/lib/ruby/gems/3.4.0/gems/activerecord-8.1.3/lib/active_record/transactions.rb:233:in 'block in ActiveRecord::Transactions::ClassMethods#transaction'
	from /home/tonny/.rbenv/versions/3.4.8/lib/ruby/gems/3.4.0/gems/activerecord-8.1.3/lib/active_record/connection_adapters/abstract/connection_pool.rb:457:in 'ActiveRecord::ConnectionAdapters::ConnectionPool#with_connection'
	from /home/tonny/.rbenv/versions/3.4.8/lib/ruby/gems/3.4.0/gems/activerecord-8.1.3/lib/active_record/connection_handling.rb:313:in 'ActiveRecord::ConnectionHandling#with_connection'
	from /home/tonny/.rbenv/versions/3.4.8/lib/ruby/gems/3.4.0/gems/activerecord-8.1.3/lib/active_record/transactions.rb:232:in 'ActiveRecord::Transactions::ClassMethods#transaction'
	from /home/tonny/.rbenv/versions/3.4.8/lib/ruby/gems/3.4.0/gems/activerecord-8.1.3/lib/active_record/relation/delegation.rb:105:in 'ActiveRecord::Delegation#transaction'
	from /home/tonny/.rbenv/versions/3.4.8/lib/ruby/gems/3.4.0/gems/activerecord-8.1.3/lib/active_record/relation.rb:296:in 'block in ActiveRecord::Relation#create_or_find_by!'
	from /home/tonny/.rbenv/versions/3.4.8/lib/ruby/gems/3.4.0/gems/activerecord-8.1.3/lib/active_record/connection_adapters/abstract/connection_pool.rb:463:in 'ActiveRecord::ConnectionAdapters::ConnectionPool#with_connection'
	from /home/tonny/.rbenv/versions/3.4.8/lib/ruby/gems/3.4.0/gems/activerecord-8.1.3/lib/active_record/connection_handling.rb:313:in 'ActiveRecord::ConnectionHandling#with_connection'
	from /home/tonny/.rbenv/versions/3.4.8/lib/ruby/gems/3.4.0/gems/activerecord-8.1.3/lib/active_record/relation/delegation.rb:105:in 'ActiveRecord::Delegation#with_connection'
	from /home/tonny/.rbenv/versions/3.4.8/lib/ruby/gems/3.4.0/gems/activerecord-8.1.3/lib/active_record/relation.rb:294:in 'ActiveRecord::Relation#create_or_find_by!'
	from /home/tonny/.rbenv/versions/3.4.8/lib/ruby/gems/3.4.0/gems/activerecord-8.1.3/lib/active_record/relation.rb:239:in 'ActiveRecord::Relation#find_or_create_by!'
	from /home/tonny/.rbenv/versions/3.4.8/lib/ruby/gems/3.4.0/gems/activerecord-8.1.3/lib/active_record/querying.rb:24:in 'ActiveRecord::Querying#find_or_create_by!'
	from /home/tonny/.rbenv/versions/3.4.8/lib/ruby/gems/3.4.0/gems/railties-8.1.3/lib/rails/commands/runner/runner_command.rb:50:in '<main>'
	from /home/tonny/.rbenv/versions/3.4.8/lib/ruby/gems/3.4.0/gems/railties-8.1.3/lib/rails/commands/runner/runner_command.rb:49:in 'Kernel#eval'
	from /home/tonny/.rbenv/versions/3.4.8/lib/ruby/gems/3.4.0/gems/railties-8.1.3/lib/rails/commands/runner/runner_command.rb:49:in 'block in Rails::Command::RunnerCommand#perform'
	from /home/tonny/.rbenv/versions/3.4.8/lib/ruby/gems/3.4.0/gems/activesupport-8.1.3/lib/active_support/execution_wrapper.rb:91:in 'ActiveSupport::ExecutionWrapper.wrap'
	from /home/tonny/.rbenv/versions/3.4.8/lib/ruby/gems/3.4.0/gems/railties-8.1.3/lib/rails/commands/runner/runner_command.rb:70:in 'Rails::Command::RunnerCommand#conditional_executor'
	from /home/tonny/.rbenv/versions/3.4.8/lib/ruby/gems/3.4.0/gems/railties-8.1.3/lib/rails/commands/runner/runner_command.rb:48:in 'Rails::Command::RunnerCommand#perform'
	from /home/tonny/.rbenv/versions/3.4.8/lib/ruby/gems/3.4.0/gems/thor-1.5.0/lib/thor/command.rb:28:in 'Thor::Command#run'
	from /home/tonny/.rbenv/versions/3.4.8/lib/ruby/gems/3.4.0/gems/thor-1.5.0/lib/thor/invocation.rb:127:in 'Thor::Invocation#invoke_command'
	from /home/tonny/.rbenv/versions/3.4.8/lib/ruby/gems/3.4.0/gems/railties-8.1.3/lib/rails/command/base.rb:176:in 'Rails::Command::Base#invoke_command'
	from /home/tonny/.rbenv/versions/3.4.8/lib/ruby/gems/3.4.0/gems/thor-1.5.0/lib/thor.rb:538:in 'Thor.dispatch'
	from /home/tonny/.rbenv/versions/3.4.8/lib/ruby/gems/3.4.0/gems/railties-8.1.3/lib/rails/command/base.rb:71:in 'Rails::Command::Base.perform'
	from /home/tonny/.rbenv/versions/3.4.8/lib/ruby/gems/3.4.0/gems/railties-8.1.3/lib/rails/command.rb:65:in 'block in Rails::Command.invoke'
	from /home/tonny/.rbenv/versions/3.4.8/lib/ruby/gems/3.4.0/gems/railties-8.1.3/lib/rails/command.rb:143:in 'Rails::Command.with_argv'
	from /home/tonny/.rbenv/versions/3.4.8/lib/ruby/gems/3.4.0/gems/railties-8.1.3/lib/rails/command.rb:63:in 'Rails::Command.invoke'
	from /home/tonny/.rbenv/versions/3.4.8/lib/ruby/gems/3.4.0/gems/railties-8.1.3/lib/rails/commands.rb:18:in '<main>'
	from /home/tonny/.rbenv/versions/3.4.8/lib/ruby/3.4.0/bundled_gems.rb:82:in 'Kernel.require'
	from /home/tonny/.rbenv/versions/3.4.8/lib/ruby/3.4.0/bundled_gems.rb:82:in 'block (2 levels) in Kernel#replace_require'
	from /home/tonny/.rbenv/versions/3.4.8/lib/ruby/gems/3.4.0/gems/bootsnap-1.22.0/lib/bootsnap/load_path_cache/core_ext/kernel_require.rb:33:in 'Kernel#require'
	from bin/rails:4:in '<main>'
  ✘  13 [chromium] › e2e/tag-details.spec.js:16:3 › Tag Details › should display tags table (5.7s)
  ✘  17 [chromium] › e2e/tag-protection.spec.js:29:3 › Tag Protection › policy save reflects 🔒 badge and disabled delete button (0ms)
  -  18 [chromium] › e2e/tag-protection.spec.js:42:3 › Tag Protection › protected tag delete button on repo show is disabled with tooltip
  -  19 [chromium] › e2e/tag-protection.spec.js:49:3 › Tag Protection › protected tag detail page shows disabled delete button
  -  20 [chromium] › e2e/tag-protection.spec.js:56:3 › Tag Protection › custom_regex shows regex input, non-custom hides it
  -  21 [chromium] › e2e/tag-protection.spec.js:69:3 › Tag Protection › invalid regex surfaces validation error
  ✘  16 [chromium] › e2e/tag-details.spec.js:35:3 › Tag Details › should navigate back to repository list (5.9s)
  ✘   1 [chromium] › e2e/dark-mode.spec.js:25:3 › Dark Mode › should persist dark mode preference (30.0s)


  1) [chromium] › e2e/dark-mode.spec.js:25:3 › Dark Mode › should persist dark mode preference ─────

    [31mTest timeout of 30000ms exceeded.[39m

    Error: locator.click: Test timeout of 30000ms exceeded.
    Call log:
    [2m  - waiting for locator('button[aria-label="Toggle dark mode"]')[22m


      27 |     const toggleButton = page.locator('button[aria-label="Toggle dark mode"]');
      28 |     
    > 29 |     await toggleButton.click();
         |                        ^
      30 |     await page.waitForTimeout(200);
      31 |     
      32 |     const isDark = (await html.getAttribute('class'))?.includes('dark') || false;
        at /home/tonny/projects/open-repo/e2e/dark-mode.spec.js:29:24

    Error Context: test-results/dark-mode-Dark-Mode-should-persist-dark-mode-preference-chromium/error-context.md

  2) [chromium] › e2e/search.spec.js:44:3 › Repository Search › should sort repositories ───────────

    Error: [2mexpect([22m[31mreceived[39m[2m).[22mtoContain[2m([22m[32mexpected[39m[2m) // indexOf[22m

    Expected substring: [32m"backend-api"[39m
    Received string:    [31m"/repositories/alpine"[39m

      57 |     // worker-jobs), backend-api must render first under name ASC.
      58 |     const firstHref = await cards.first().getAttribute('href');
    > 59 |     expect(firstHref).toContain('backend-api');
         |                       ^
      60 |   });
      61 | });
      62 |
        at /home/tonny/projects/open-repo/e2e/search.spec.js:59:23

    Error Context: test-results/search-Repository-Search-should-sort-repositories-chromium/error-context.md

  3) [chromium] › e2e/tag-details.spec.js:16:3 › Tag Details › should display tags table ───────────

    Error: [2mexpect([22m[31mlocator[39m[2m).[22mtoBeVisible[2m([22m[2m)[22m failed

    Locator: locator('th:has-text("Tag")')
    Expected: visible
    Timeout: 5000ms
    Error: element(s) not found

    Call log:
    [2m  - Expect "toBeVisible" with timeout 5000ms[22m
    [2m  - waiting for locator('th:has-text("Tag")')[22m


      15 |
      16 |   test('should display tags table', async ({ page }) => {
    > 17 |     await expect(page.locator('th:has-text("Tag")')).toBeVisible();
         |                                                      ^
      18 |     await expect(page.locator('th:has-text("Digest")')).toBeVisible();
      19 |     await expect(page.locator('th:has-text("Size")')).toBeVisible();
      20 |     await expect(page.locator('th:has-text("Created")')).toBeVisible();
        at /home/tonny/projects/open-repo/e2e/tag-details.spec.js:17:54

    Error Context: test-results/tag-details-Tag-Details-should-display-tags-table-chromium/error-context.md

  4) [chromium] › e2e/tag-details.spec.js:23:3 › Tag Details › should display tag rows ─────────────

    Error: [2mexpect([22m[31mreceived[39m[2m).[22mtoBeGreaterThan[2m([22m[32mexpected[39m[2m)[22m

    Expected: > [32m0[39m
    Received:   [31m0[39m

      24 |     const tagRows = page.locator('tbody tr');
      25 |     const count = await tagRows.count();
    > 26 |     expect(count).toBeGreaterThan(0);
         |                   ^
      27 |   });
      28 |
      29 |   test('should display copy button for each tag', async ({ page }) => {
        at /home/tonny/projects/open-repo/e2e/tag-details.spec.js:26:19

    Error Context: test-results/tag-details-Tag-Details-should-display-tag-rows-chromium/error-context.md

  5) [chromium] › e2e/tag-details.spec.js:29:3 › Tag Details › should display copy button for each tag 

    Error: [2mexpect([22m[31mreceived[39m[2m).[22mtoBeGreaterThan[2m([22m[32mexpected[39m[2m)[22m

    Expected: > [32m0[39m
    Received:   [31m0[39m

      30 |     const copyButtons = page.locator('button:has-text("Copy")');
      31 |     const count = await copyButtons.count();
    > 32 |     expect(count).toBeGreaterThan(0);
         |                   ^
      33 |   });
      34 |
      35 |   test('should navigate back to repository list', async ({ page }) => {
        at /home/tonny/projects/open-repo/e2e/tag-details.spec.js:32:19

    Error Context: test-results/tag-details-Tag-Details-sh-34027-ay-copy-button-for-each-tag-chromium/error-context.md

  6) [chromium] › e2e/tag-details.spec.js:35:3 › Tag Details › should navigate back to repository list 

    Error: [2mexpect([22m[31mlocator[39m[2m).[22mtoContainText[2m([22m[32mexpected[39m[2m)[22m failed

    Locator: locator('h1')
    Expected substring: [32m"Docker Registry"[39m
    Received string:    [31m"Repositories"[39m
    Timeout: 5000ms

    Call log:
    [2m  - Expect "toContainText" with timeout 5000ms[22m
    [2m  - waiting for locator('h1')[22m
    [2m    9 × locator resolved to <h1 class="text-2xl font-bold text-slate-900 dark:text-slate-100 break-keep">Repositories</h1>[22m
    [2m      - unexpected value "Repositories"[22m


      36 |     await page.click('text=Back to Repositories');
      37 |     await expect(page).toHaveURL(/\/(repositories)?$/);
    > 38 |     await expect(page.locator('h1')).toContainText('Docker Registry');
         |                                      ^
      39 |   });
      40 | });
      41 |
        at /home/tonny/projects/open-repo/e2e/tag-details.spec.js:38:38

    Error Context: test-results/tag-details-Tag-Details-sh-cb4fe-ate-back-to-repository-list-chromium/error-context.md

  7) [chromium] › e2e/tag-protection.spec.js:29:3 › Tag Protection › policy save reflects 🔒 badge and disabled delete button 

    Error: Command failed: bin/rails runner '
          repo = Repository.find_or_create_by!(name: "e2e-tag-protection-repo")
          m = repo.manifests.find_or_create_by!(digest: "sha256:e2e-seed") do |x|
            x.media_type = "application/vnd.docker.distribution.manifest.v2+json"
            x.payload = "{}"
            x.size = 2
          end
          repo.tags.find_or_create_by!(name: "v1.0.0") { |t| t.manifest = m }
          repo.tags.find_or_create_by!(name: "latest") { |t| t.manifest = m }
          repo.update!(tag_protection_policy: "semver")
        '

      10 |
      11 |   test.beforeAll(() => {
    > 12 |     execSync(`bin/rails runner '
         |     ^
      13 |       repo = Repository.find_or_create_by!(name: "${repoName}")
      14 |       m = repo.manifests.find_or_create_by!(digest: "sha256:e2e-seed") do |x|
      15 |         x.media_type = "application/vnd.docker.distribution.manifest.v2+json"
        at /home/tonny/projects/open-repo/e2e/tag-protection.spec.js:12:5

  7 failed
    [chromium] › e2e/dark-mode.spec.js:25:3 › Dark Mode › should persist dark mode preference ──────
    [chromium] › e2e/search.spec.js:44:3 › Repository Search › should sort repositories ────────────
    [chromium] › e2e/tag-details.spec.js:16:3 › Tag Details › should display tags table ────────────
    [chromium] › e2e/tag-details.spec.js:23:3 › Tag Details › should display tag rows ──────────────
    [chromium] › e2e/tag-details.spec.js:29:3 › Tag Details › should display copy button for each tag 
    [chromium] › e2e/tag-details.spec.js:35:3 › Tag Details › should navigate back to repository list 
    [chromium] › e2e/tag-protection.spec.js:29:3 › Tag Protection › policy save reflects 🔒 badge and disabled delete button 
  4 did not run
  10 passed (32.3s)
