
Running 21 tests using 4 workers

  ✓   1 [chromium] › e2e/example.spec.js:3:1 › homepage loads (389ms)
  ✓   4 [chromium] › e2e/dark-mode.spec.js:45:3 › Dark Mode › should apply dark mode styles (374ms)
  ✓   3 [chromium] › e2e/dark-mode.spec.js:8:3 › Dark Mode › should toggle dark mode (627ms)
  ✓   2 [chromium] › e2e/dark-mode.spec.js:25:3 › Dark Mode › should persist dark mode preference (807ms)

  ✓   5 [chromium] › e2e/repository-list.spec.js:13:3 › Repository List › should display repository list page (199ms)
  ✓   6 [chromium] › e2e/repository-list.spec.js:24:3 › Repository List › should display repository cards (212ms)

  ✓   7 [chromium] › e2e/repository-list.spec.js:29:3 › Repository List › should navigate to repository details (391ms)
  ✓   8 [chromium] › e2e/repository-list.spec.js:37:3 › Repository List › should display no results message when search returns empty (775ms)

  ✓   9 [chromium] › e2e/search.spec.js:15:3 › Repository Search › should filter repositories by search query (1.2s)
  ✓  11 [chromium] › e2e/search.spec.js:44:3 › Repository Search › should sort repositories (690ms)
  ✓  10 [chromium] › e2e/search.spec.js:29:3 › Repository Search › should debounce search input (1.4s)
  ✓  12 [chromium] › e2e/tag-details.spec.js:22:3 › Tag Details › should display repository details page (751ms)
  ✓  16 [chromium] › e2e/tag-details.spec.js:27:3 › Tag Details › should display tags table (821ms)

  ✓  13 [chromium] › e2e/tag-details.spec.js:36:3 › Tag Details › should display tag rows (746ms)
  ✓  14 [chromium] › e2e/tag-details.spec.js:47:3 › Tag Details › should navigate back to repository list (877ms)
  ✓  17 [chromium] › e2e/tag-details.spec.js:42:3 › Tag Details › should display a copy button for the pull command (733ms)
  ✓  15 [chromium] › e2e/tag-protection.spec.js:47:3 › Tag Protection › policy save reflects protected badge on matching tags only (174ms)
  ✓  18 [chromium] › e2e/tag-protection.spec.js:57:3 › Tag Protection › protected tag delete button on repo show is disabled with tooltip (152ms)
  ✓  19 [chromium] › e2e/tag-protection.spec.js:65:3 › Tag Protection › protected tag detail page shows disabled delete button (139ms)
  ✓  20 [chromium] › e2e/tag-protection.spec.js:72:3 › Tag Protection › custom_regex shows regex input, non-custom hides it (218ms)
  ✓  21 [chromium] › e2e/tag-protection.spec.js:85:3 › Tag Protection › invalid regex surfaces validation error (356ms)

  21 passed (13.1s)
